#
# There is insufficient memory for the Java Runtime Environment to continue.
# Native memory allocation (malloc) failed to allocate 1314576 bytes for Chunk::new
# Possible reasons:
#   The system is out of physical RAM or swap space
#   In 32 bit mode, the process size limit was hit
# Possible solutions:
#   Reduce memory load on the system
#   Increase physical memory or swap space
#   Check if swap backing store is full
#   Use 64 bit Java on a 64 bit OS
#   Decrease Java heap size (-Xmx/-Xms)
#   Decrease number of Java threads
#   Decrease Java thread stack sizes (-Xss)
#   Set larger code cache with -XX:ReservedCodeCacheSize=
# This output file may be truncated or incomplete.
#
#  Out of Memory Error (allocation.cpp:390), pid=12992, tid=0x0000000000005220
#
# JRE version: Java(TM) SE Runtime Environment (8.0_191-b12) (build 1.8.0_191-b12)
# Java VM: Java HotSpot(TM) 64-Bit Server VM (25.191-b12 mixed mode windows-amd64 compressed oops)
# Failed to write core dump. Minidumps are not enabled by default on client versions of Windows
#

---------------  T H R E A D  ---------------

Current thread (0x000000001c3f4800):  JavaThread "C2 CompilerThread1" daemon [_thread_in_native, id=21024, stack(0x000000001db50000,0x000000001dc50000)]

Stack: [0x000000001db50000,0x000000001dc50000]
[error occurred during error reporting (printing stack bounds), id 0xc0000005]

Native frames: (J=compiled Java code, j=interpreted, Vv=VM code, C=native code)


Current CompileTask:
C2:  11170 3473   !   4       org.springframework.core.annotation.AnnotationUtils::findAnnotation (171 bytes)


---------------  P R O C E S S  ---------------

Java Threads: ( => current thread )
  0x00000000224e2800 JavaThread "JMX server connection timeout 19" daemon [_thread_blocked, id=38152, stack(0x0000000025ed0000,0x0000000025fd0000)]
  0x00000000236b8000 JavaThread "RMI Scheduler(0)" daemon [_thread_blocked, id=11940, stack(0x0000000025dd0000,0x0000000025ed0000)]
  0x0000000022495000 JavaThread "RMI TCP Connection(1)-192.168.56.1" daemon [_thread_in_native, id=25960, stack(0x0000000025cd0000,0x0000000025dd0000)]
  0x000000001f575800 JavaThread "container-0" [_thread_blocked, id=19664, stack(0x0000000025bd0000,0x0000000025cd0000)]
  0x000000001f8f8000 JavaThread "Catalina-utility-2" [_thread_blocked, id=13468, stack(0x0000000024b00000,0x0000000024c00000)]
  0x0000000023758000 JavaThread "Catalina-utility-1" [_thread_blocked, id=17572, stack(0x0000000024a00000,0x0000000024b00000)]
  0x000000001e08a000 JavaThread "RMI TCP Accept-0" daemon [_thread_in_native, id=22712, stack(0x0000000024500000,0x0000000024600000)]
  0x000000001dd99000 JavaThread "Service Thread" daemon [_thread_blocked, id=11076, stack(0x000000001e150000,0x000000001e250000)]
  0x000000001c437000 JavaThread "C1 CompilerThread2" daemon [_thread_blocked, id=27828, stack(0x000000001dc50000,0x000000001dd50000)]
=>0x000000001c3f4800 JavaThread "C2 CompilerThread1" daemon [_thread_in_native, id=21024, stack(0x000000001db50000,0x000000001dc50000)]
  0x000000001c3ee000 JavaThread "C2 CompilerThread0" daemon [_thread_in_native, id=19032, stack(0x000000001da50000,0x000000001db50000)]
  0x000000001c3ea800 JavaThread "Attach Listener" daemon [_thread_blocked, id=38336, stack(0x000000001d950000,0x000000001da50000)]
  0x000000001c3e7000 JavaThread "Signal Dispatcher" daemon [_thread_blocked, id=25488, stack(0x000000001d850000,0x000000001d950000)]
  0x0000000002d9d000 JavaThread "Finalizer" daemon [_thread_blocked, id=25448, stack(0x000000001d640000,0x000000001d740000)]
  0x0000000002d94000 JavaThread "Reference Handler" daemon [_thread_blocked, id=28520, stack(0x000000001d540000,0x000000001d640000)]
  0x0000000002ca4000 JavaThread "main" [_thread_in_vm, id=37304, stack(0x0000000002b50000,0x0000000002c50000)]

Other Threads:
  0x000000001c3a7000 VMThread [stack: 0x000000001d440000,0x000000001d540000] [id=22552]
  0x000000001c43d000 WatcherThread [stack: 0x000000001e250000,0x000000001e350000] [id=34612]

VM state:not at safepoint (normal execution)

VM Mutex/Monitor currently owned by a thread: None

Heap:
 PSYoungGen      total 123392K, used 7128K [0x000000076b500000, 0x0000000774880000, 0x00000007c0000000)
  eden space 112640K, 6% used [0x000000076b500000,0x000000076bbf6108,0x0000000772300000)
  from space 10752K, 0% used [0x0000000773380000,0x0000000773380000,0x0000000773e00000)
  to   space 9216K, 0% used [0x0000000773f80000,0x0000000773f80000,0x0000000774880000)
 ParOldGen       total 122880K, used 15470K [0x00000006c1e00000, 0x00000006c9600000, 0x000000076b500000)
  object space 122880K, 12% used [0x00000006c1e00000,0x00000006c2d1b980,0x00000006c9600000)
 Metaspace       used 34854K, capacity 36584K, committed 36688K, reserved 1081344K
  class space    used 4471K, capacity 4782K, committed 4860K, reserved 1048576K

Card table byte_map: [0x00000000121e0000,0x00000000129e0000] byte_map_base: 0x000000000ebd1000

Marking Bits: (ParMarkBitMap*) 0x00000000603c3e30
 Begin Bits: [0x0000000013330000, 0x00000000172b8000)
 End Bits:   [0x00000000172b8000, 0x000000001b240000)

Polling page: 0x0000000000bf0000

CodeCache: size=245760Kb used=12621Kb max_used=12621Kb free=233138Kb
 bounds [0x0000000002e20000, 0x0000000003a80000, 0x0000000011e20000]
 total_blobs=3918 nmethods=3498 adapters=332
 compilation: enabled

Compilation events (10 events):
Event: 11.143 Thread 0x000000001c437000 nmethod 3538 0x0000000002f56610 code [0x0000000002f567a0, 0x0000000002f56c08]
Event: 11.144 Thread 0x000000001c437000 3539   !   3       java.lang.invoke.InnerClassLambdaMetafactory::buildCallSite (156 bytes)
Event: 11.145 Thread 0x000000001c437000 nmethod 3539 0x0000000003a79650 code [0x0000000003a799a0, 0x0000000003a7b448]
Event: 11.145 Thread 0x000000001c437000 3541       3       java.lang.invoke.LambdaForm$MH/1599771323::invoke_MT (34 bytes)
Event: 11.146 Thread 0x000000001c437000 nmethod 3541 0x0000000002f550d0 code [0x0000000002f552c0, 0x0000000002f56138]
Event: 11.146 Thread 0x000000001c437000 3545       1       org.springframework.web.context.support.GenericWebApplicationContext::getServletContext (5 bytes)
Event: 11.146 Thread 0x000000001c437000 nmethod 3545 0x0000000002f321d0 code [0x0000000002f32320, 0x0000000002f32430]
Event: 11.166 Thread 0x000000001c437000 3549       3       org.springframework.cglib.core.MethodInfoTransformer::getInstance (4 bytes)
Event: 11.166 Thread 0x000000001c437000 nmethod 3549 0x0000000003029350 code [0x00000000030294a0, 0x00000000030295d0]
Event: 11.166 Thread 0x000000001c437000 3550       3       org.springframework.cglib.core.CodeEmitter::skipArgs (32 bytes)

GC Heap History (10 events):
Event: 2.063 GC heap before
{Heap before GC invocations=3 (full 0):
 PSYoungGen      total 76288K, used 14556K [0x000000076b500000, 0x0000000774a00000, 0x00000007c0000000)
  eden space 65536K, 7% used [0x000000076b500000,0x000000076b9ce060,0x000000076f500000)
  from space 10752K, 89% used [0x000000076ff80000,0x00000007708e90d8,0x0000000770a00000)
  to   space 10752K, 0% used [0x000000076f500000,0x000000076f500000,0x000000076ff80000)
 ParOldGen       total 175104K, used 16K [0x00000006c1e00000, 0x00000006cc900000, 0x000000076b500000)
  object space 175104K, 0% used [0x00000006c1e00000,0x00000006c1e04000,0x00000006cc900000)
 Metaspace       used 20961K, capacity 21566K, committed 21628K, reserved 1069056K
  class space    used 2730K, capacity 2919K, committed 2940K, reserved 1048576K
Event: 2.068 GC heap after
Heap after GC invocations=3 (full 0):
 PSYoungGen      total 76288K, used 4897K [0x000000076b500000, 0x0000000774a00000, 0x00000007c0000000)
  eden space 65536K, 0% used [0x000000076b500000,0x000000076b500000,0x000000076f500000)
  from space 10752K, 45% used [0x000000076f500000,0x000000076f9c8578,0x000000076ff80000)
  to   space 10752K, 0% used [0x0000000773f80000,0x0000000773f80000,0x0000000774a00000)
 ParOldGen       total 175104K, used 24K [0x00000006c1e00000, 0x00000006cc900000, 0x000000076b500000)
  object space 175104K, 0% used [0x00000006c1e00000,0x00000006c1e06000,0x00000006cc900000)
 Metaspace       used 20961K, capacity 21566K, committed 21628K, reserved 1069056K
  class space    used 2730K, capacity 2919K, committed 2940K, reserved 1048576K
}
Event: 2.068 GC heap before
{Heap before GC invocations=4 (full 1):
 PSYoungGen      total 76288K, used 4897K [0x000000076b500000, 0x0000000774a00000, 0x00000007c0000000)
  eden space 65536K, 0% used [0x000000076b500000,0x000000076b500000,0x000000076f500000)
  from space 10752K, 45% used [0x000000076f500000,0x000000076f9c8578,0x000000076ff80000)
  to   space 10752K, 0% used [0x0000000773f80000,0x0000000773f80000,0x0000000774a00000)
 ParOldGen       total 175104K, used 24K [0x00000006c1e00000, 0x00000006cc900000, 0x000000076b500000)
  object space 175104K, 0% used [0x00000006c1e00000,0x00000006c1e06000,0x00000006cc900000)
 Metaspace       used 20961K, capacity 21566K, committed 21628K, reserved 1069056K
  class space    used 2730K, capacity 2919K, committed 2940K, reserved 1048576K
Event: 2.107 GC heap after
Heap after GC invocations=4 (full 1):
 PSYoungGen      total 76288K, used 0K [0x000000076b500000, 0x0000000774a00000, 0x00000007c0000000)
  eden space 65536K, 0% used [0x000000076b500000,0x000000076b500000,0x000000076f500000)
  from space 10752K, 0% used [0x000000076f500000,0x000000076f500000,0x000000076ff80000)
  to   space 10752K, 0% used [0x0000000773f80000,0x0000000773f80000,0x0000000774a00000)
 ParOldGen       total 87040K, used 4800K [0x00000006c1e00000, 0x00000006c7300000, 0x000000076b500000)
  object space 87040K, 5% used [0x00000006c1e00000,0x00000006c22b0130,0x00000006c7300000)
 Metaspace       used 20959K, capacity 21560K, committed 21628K, reserved 1069056K
  class space    used 2730K, capacity 2918K, committed 2940K, reserved 1048576K
}
Event: 4.412 GC heap before
{Heap before GC invocations=5 (full 1):
 PSYoungGen      total 76288K, used 65536K [0x000000076b500000, 0x0000000774a00000, 0x00000007c0000000)
  eden space 65536K, 100% used [0x000000076b500000,0x000000076f500000,0x000000076f500000)
  from space 10752K, 0% used [0x000000076f500000,0x000000076f500000,0x000000076ff80000)
  to   space 10752K, 0% used [0x0000000773f80000,0x0000000773f80000,0x0000000774a00000)
 ParOldGen       total 87040K, used 4800K [0x00000006c1e00000, 0x00000006c7300000, 0x000000076b500000)
  object space 87040K, 5% used [0x00000006c1e00000,0x00000006c22b0130,0x00000006c7300000)
 Metaspace       used 29467K, capacity 30728K, committed 30972K, reserved 1077248K
  class space    used 3800K, capacity 4062K, committed 4092K, reserved 1048576K
Event: 4.435 GC heap after
Heap after GC invocations=5 (full 1):
 PSYoungGen      total 121856K, used 9024K [0x000000076b500000, 0x0000000774880000, 0x00000007c0000000)
  eden space 112640K, 0% used [0x000000076b500000,0x000000076b500000,0x0000000772300000)
  from space 9216K, 97% used [0x0000000773f80000,0x0000000774850248,0x0000000774880000)
  to   space 10752K, 0% used [0x0000000773380000,0x0000000773380000,0x0000000773e00000)
 ParOldGen       total 87040K, used 4872K [0x00000006c1e00000, 0x00000006c7300000, 0x000000076b500000)
  object space 87040K, 5% used [0x00000006c1e00000,0x00000006c22c2140,0x00000006c7300000)
 Metaspace       used 29467K, capacity 30728K, committed 30972K, reserved 1077248K
  class space    used 3800K, capacity 4062K, committed 4092K, reserved 1048576K
}
Event: 10.893 GC heap before
{Heap before GC invocations=6 (full 1):
 PSYoungGen      total 121856K, used 68332K [0x000000076b500000, 0x0000000774880000, 0x00000007c0000000)
  eden space 112640K, 52% used [0x000000076b500000,0x000000076eeeb1a0,0x0000000772300000)
  from space 9216K, 97% used [0x0000000773f80000,0x0000000774850248,0x0000000774880000)
  to   space 10752K, 0% used [0x0000000773380000,0x0000000773380000,0x0000000773e00000)
 ParOldGen       total 87040K, used 4872K [0x00000006c1e00000, 0x00000006c7300000, 0x000000076b500000)
  object space 87040K, 5% used [0x00000006c1e00000,0x00000006c22c2140,0x00000006c7300000)
 Metaspace       used 34390K, capacity 36028K, committed 36048K, reserved 1081344K
  class space    used 4412K, capacity 4726K, committed 4732K, reserved 1048576K
Event: 10.908 GC heap after
Heap after GC invocations=6 (full 1):
 PSYoungGen      total 123392K, used 10751K [0x000000076b500000, 0x0000000774880000, 0x00000007c0000000)
  eden space 112640K, 0% used [0x000000076b500000,0x000000076b500000,0x0000000772300000)
  from space 10752K, 99% used [0x0000000773380000,0x0000000773dfff08,0x0000000773e00000)
  to   space 9216K, 0% used [0x0000000773f80000,0x0000000773f80000,0x0000000774880000)
 ParOldGen       total 87040K, used 5727K [0x00000006c1e00000, 0x00000006c7300000, 0x000000076b500000)
  object space 87040K, 6% used [0x00000006c1e00000,0x00000006c2397c60,0x00000006c7300000)
 Metaspace       used 34390K, capacity 36028K, committed 36048K, reserved 1081344K
  class space    used 4412K, capacity 4726K, committed 4732K, reserved 1048576K
}
Event: 10.908 GC heap before
{Heap before GC invocations=7 (full 2):
 PSYoungGen      total 123392K, used 10751K [0x000000076b500000, 0x0000000774880000, 0x00000007c0000000)
  eden space 112640K, 0% used [0x000000076b500000,0x000000076b500000,0x0000000772300000)
  from space 10752K, 99% used [0x0000000773380000,0x0000000773dfff08,0x0000000773e00000)
  to   space 9216K, 0% used [0x0000000773f80000,0x0000000773f80000,0x0000000774880000)
 ParOldGen       total 87040K, used 5727K [0x00000006c1e00000, 0x00000006c7300000, 0x000000076b500000)
  object space 87040K, 6% used [0x00000006c1e00000,0x00000006c2397c60,0x00000006c7300000)
 Metaspace       used 34390K, capacity 36028K, committed 36048K, reserved 1081344K
  class space    used 4412K, capacity 4726K, committed 4732K, reserved 1048576K
Event: 11.009 GC heap after
Heap after GC invocations=7 (full 2):
 PSYoungGen      total 123392K, used 0K [0x000000076b500000, 0x0000000774880000, 0x00000007c0000000)
  eden space 112640K, 0% used [0x000000076b500000,0x000000076b500000,0x0000000772300000)
  from space 10752K, 0% used [0x0000000773380000,0x0000000773380000,0x0000000773e00000)
  to   space 9216K, 0% used [0x0000000773f80000,0x0000000773f80000,0x0000000774880000)
 ParOldGen       total 122880K, used 15470K [0x00000006c1e00000, 0x00000006c9600000, 0x000000076b500000)
  object space 122880K, 12% used [0x00000006c1e00000,0x00000006c2d1b980,0x00000006c9600000)
 Metaspace       used 34390K, capacity 36028K, committed 36048K, reserved 1081344K
  class space    used 4412K, capacity 4726K, committed 4732K, reserved 1048576K
}

Deoptimization events (10 events):
Event: 9.536 Thread 0x0000000022495000 Uncommon trap: reason=bimorphic action=maybe_recompile pc=0x00000000036ec784 method=java.io.DataOutputStream.writeByte(I)V @ 5
Event: 9.635 Thread 0x0000000002ca4000 Uncommon trap: reason=unstable_if action=reinterpret pc=0x00000000037ffdcc method=java.util.IdentityHashMap.get(Ljava/lang/Object;)Ljava/lang/Object; @ 31
Event: 10.315 Thread 0x0000000002ca4000 Uncommon trap: reason=unstable_if action=reinterpret pc=0x00000000035eade4 method=java.util.concurrent.ConcurrentHashMap.get(Ljava/lang/Object;)Ljava/lang/Object; @ 76
Event: 10.315 Thread 0x0000000002ca4000 Uncommon trap: reason=bimorphic action=maybe_recompile pc=0x00000000036e3594 method=java.util.concurrent.ConcurrentHashMap.putVal(Ljava/lang/Object;Ljava/lang/Object;Z)Ljava/lang/Object; @ 192
Event: 10.576 Thread 0x0000000002ca4000 Uncommon trap: reason=unstable_if action=reinterpret pc=0x000000000372366c method=java.lang.reflect.Method.equals(Ljava/lang/Object;)Z @ 1
Event: 10.593 Thread 0x0000000002ca4000 Uncommon trap: reason=class_check action=maybe_recompile pc=0x00000000038eacb8 method=org.springframework.core.annotation.AnnotationUtils.getAnnotatedMethodsInBaseType(Ljava/lang/Class;)Ljava/util/Set; @ 29
Event: 10.593 Thread 0x0000000002ca4000 Uncommon trap: reason=class_check action=maybe_recompile pc=0x00000000038eacb8 method=org.springframework.core.annotation.AnnotationUtils.getAnnotatedMethodsInBaseType(Ljava/lang/Class;)Ljava/util/Set; @ 29
Event: 10.593 Thread 0x0000000002ca4000 Uncommon trap: reason=class_check action=maybe_recompile pc=0x00000000038eacb8 method=org.springframework.core.annotation.AnnotationUtils.getAnnotatedMethodsInBaseType(Ljava/lang/Class;)Ljava/util/Set; @ 29
Event: 10.593 Thread 0x0000000002ca4000 Uncommon trap: reason=class_check action=maybe_recompile pc=0x00000000038eacb8 method=org.springframework.core.annotation.AnnotationUtils.getAnnotatedMethodsInBaseType(Ljava/lang/Class;)Ljava/util/Set; @ 29
Event: 11.109 Thread 0x0000000002ca4000 Uncommon trap: reason=unstable_if action=reinterpret pc=0x000000000381d820 method=org.springframework.beans.factory.support.AbstractBeanFactory.isTypeMatch(Ljava/lang/String;Lorg/springframework/core/ResolvableType;)Z @ 26

Classes redefined (0 events):
No events

Internal exceptions (10 events):
Event: 10.572 Thread 0x0000000002ca4000 Exception <a 'java/lang/ClassNotFoundException': org/springframework/boot/autoconfigure/web/servlet/WebMvcAutoConfiguration$EnableWebMvcConfigurationCustomizer> (0x000000076de9f520) thrown at [C:\re\workspace\8-2-build-windows-amd64-cygwin\jdk8u191\11896\
Event: 10.573 Thread 0x0000000002ca4000 Exception <a 'java/lang/ClassNotFoundException': org/springframework/boot/autoconfigure/web/servlet/WebMvcAutoConfiguration$EnableWebMvcConfiguration$$EnhancerBySpringCGLIB$$cc116a78Customizer> (0x000000076dec1f40) thrown at [C:\re\workspace\8-2-build-win
Event: 10.574 Thread 0x0000000002ca4000 Exception <a 'java/lang/ClassNotFoundException': org/springframework/context/annotation/ConfigurationClassEnhancer$EnhancedConfigurationCustomizer> (0x000000076def56c0) thrown at [C:\re\workspace\8-2-build-windows-amd64-cygwin\jdk8u191\11896\hotspot\src\s
Event: 10.574 Thread 0x0000000002ca4000 Exception <a 'java/lang/ClassNotFoundException': org/springframework/beans/factory/BeanFactoryAwareCustomizer> (0x000000076df03478) thrown at [C:\re\workspace\8-2-build-windows-amd64-cygwin\jdk8u191\11896\hotspot\src\share\vm\classfile\systemDictionary.cp
Event: 10.575 Thread 0x0000000002ca4000 Exception <a 'java/lang/ClassNotFoundException': org/springframework/beans/factory/AwareCustomizer> (0x000000076df10bc0) thrown at [C:\re\workspace\8-2-build-windows-amd64-cygwin\jdk8u191\11896\hotspot\src\share\vm\classfile\systemDictionary.cpp, line 210
Event: 10.575 Thread 0x0000000002ca4000 Exception <a 'java/lang/ClassNotFoundException': org/springframework/context/ApplicationContextAwareCustomizer> (0x000000076df1ead8) thrown at [C:\re\workspace\8-2-build-windows-amd64-cygwin\jdk8u191\11896\hotspot\src\share\vm\classfile\systemDictionary.c
Event: 10.575 Thread 0x0000000002ca4000 Exception <a 'java/lang/ClassNotFoundException': org/springframework/beans/factory/AwareCustomizer> (0x000000076df2c1f8) thrown at [C:\re\workspace\8-2-build-windows-amd64-cygwin\jdk8u191\11896\hotspot\src\share\vm\classfile\systemDictionary.cpp, line 210
Event: 10.576 Thread 0x0000000002ca4000 Exception <a 'java/lang/ClassNotFoundException': org/springframework/web/context/ServletContextAwareCustomizer> (0x000000076df3a090) thrown at [C:\re\workspace\8-2-build-windows-amd64-cygwin\jdk8u191\11896\hotspot\src\share\vm\classfile\systemDictionary.c
Event: 10.576 Thread 0x0000000002ca4000 Exception <a 'java/lang/ClassNotFoundException': org/springframework/beans/factory/AwareCustomizer> (0x000000076df47220) thrown at [C:\re\workspace\8-2-build-windows-amd64-cygwin\jdk8u191\11896\hotspot\src\share\vm\classfile\systemDictionary.cpp, line 210
Event: 10.576 Thread 0x0000000002ca4000 Implicit null exception at 0x00000000037234cc to 0x0000000003723659

Events (10 events):
Event: 11.147 loading class org/springframework/web/servlet/config/annotation/ViewResolverRegistry$GroovyMarkupRegistration
Event: 11.147 loading class org/springframework/web/servlet/config/annotation/ViewResolverRegistry$GroovyMarkupRegistration done
Event: 11.147 loading class org/springframework/web/servlet/config/annotation/ViewResolverRegistry$FreeMarkerRegistration
Event: 11.147 loading class org/springframework/web/servlet/config/annotation/ViewResolverRegistry$FreeMarkerRegistration done
Event: 11.148 loading class org/springframework/web/servlet/config/annotation/ViewResolverRegistry$TilesRegistration
Event: 11.148 loading class org/springframework/web/servlet/config/annotation/ViewResolverRegistry$TilesRegistration done
Event: 11.148 loading class org/springframework/web/servlet/config/annotation/ViewResolverRegistry$ScriptRegistration
Event: 11.148 loading class org/springframework/web/servlet/config/annotation/ViewResolverRegistry$ScriptRegistration done
Event: 11.149 loading class org/springframework/web/servlet/view/ViewResolverComposite
Event: 11.149 loading class org/springframework/web/servlet/view/ViewResolverComposite done


Dynamic libraries:
0x00007ff6d97c0000 - 0x00007ff6d97f7000 	C:\Program Files\Java\jdk1.8.0_191\bin\javaw.exe
0x00007ff8863a0000 - 0x00007ff886581000 	C:\WINDOWS\SYSTEM32\ntdll.dll
0x00007ff886080000 - 0x00007ff886131000 	C:\WINDOWS\System32\KERNEL32.DLL
0x00007ff882820000 - 0x00007ff882a93000 	C:\WINDOWS\System32\KERNELBASE.dll
0x00007ff884f20000 - 0x00007ff884fc1000 	C:\WINDOWS\System32\ADVAPI32.dll
0x00007ff883830000 - 0x00007ff8838ce000 	C:\WINDOWS\System32\msvcrt.dll
0x00007ff886310000 - 0x00007ff88636b000 	C:\WINDOWS\System32\sechost.dll
0x00007ff884fe0000 - 0x00007ff885104000 	C:\WINDOWS\System32\RPCRT4.dll
0x00007ff885450000 - 0x00007ff8855e0000 	C:\WINDOWS\System32\USER32.dll
0x00007ff882df0000 - 0x00007ff882e10000 	C:\WINDOWS\System32\win32u.dll
0x00007ff884e00000 - 0x00007ff884e28000 	C:\WINDOWS\System32\GDI32.dll
0x00007ff883690000 - 0x00007ff883822000 	C:\WINDOWS\System32\gdi32full.dll
0x00007ff8835a0000 - 0x00007ff88363f000 	C:\WINDOWS\System32\msvcp_win.dll
0x00007ff882aa0000 - 0x00007ff882b98000 	C:\WINDOWS\System32\ucrtbase.dll
0x00007ff86ac00000 - 0x00007ff86ae69000 	C:\WINDOWS\WinSxS\amd64_microsoft.windows.common-controls_6595b64144ccf1df_6.0.17134.765_none_fb42a1a930655896\COMCTL32.dll
0x00007ff885ca0000 - 0x00007ff885fc2000 	C:\WINDOWS\System32\combase.dll
0x00007ff883520000 - 0x00007ff88359a000 	C:\WINDOWS\System32\bcryptPrimitives.dll
0x00007ff883980000 - 0x00007ff8839ad000 	C:\WINDOWS\System32\IMM32.DLL
0x0000000061630000 - 0x0000000061702000 	C:\Program Files\Java\jdk1.8.0_191\jre\bin\msvcr100.dll
0x000000005fba0000 - 0x0000000060444000 	C:\Program Files\Java\jdk1.8.0_191\jre\bin\server\jvm.dll
0x00007ff886070000 - 0x00007ff886078000 	C:\WINDOWS\System32\PSAPI.DLL
0x00007ff86fa40000 - 0x00007ff86fa49000 	C:\WINDOWS\SYSTEM32\WSOCK32.dll
0x00007ff886140000 - 0x00007ff8861ac000 	C:\WINDOWS\System32\WS2_32.dll
0x00007ff879b60000 - 0x00007ff879b83000 	C:\WINDOWS\SYSTEM32\WINMM.dll
0x00007ff871720000 - 0x00007ff87172a000 	C:\WINDOWS\SYSTEM32\VERSION.dll
0x00007ff879b30000 - 0x00007ff879b5a000 	C:\WINDOWS\SYSTEM32\WINMMBASE.dll
0x00007ff883640000 - 0x00007ff883689000 	C:\WINDOWS\System32\cfgmgr32.dll
0x0000000061620000 - 0x000000006162f000 	C:\Program Files\Java\jdk1.8.0_191\jre\bin\verify.dll
0x00000000615f0000 - 0x0000000061619000 	C:\Program Files\Java\jdk1.8.0_191\jre\bin\java.dll
0x00000000610f0000 - 0x0000000061106000 	C:\Program Files\Java\jdk1.8.0_191\jre\bin\zip.dll
0x00007ff8839b0000 - 0x00007ff884df0000 	C:\WINDOWS\System32\SHELL32.dll
0x00007ff8838d0000 - 0x00007ff883979000 	C:\WINDOWS\System32\shcore.dll
0x00007ff882e10000 - 0x00007ff88351d000 	C:\WINDOWS\System32\windows.storage.dll
0x00007ff8853f0000 - 0x00007ff885441000 	C:\WINDOWS\System32\shlwapi.dll
0x00007ff882750000 - 0x00007ff882761000 	C:\WINDOWS\System32\kernel.appcore.dll
0x00007ff882730000 - 0x00007ff88274f000 	C:\WINDOWS\System32\profapi.dll
0x00007ff8826e0000 - 0x00007ff88272c000 	C:\WINDOWS\System32\powrprof.dll
0x00007ff8826d0000 - 0x00007ff8826da000 	C:\WINDOWS\System32\FLTLIB.DLL
0x00000000615e0000 - 0x00000000615ed000 	C:\Program Files\Java\jdk1.8.0_191\jre\bin\management.dll
0x00000000610d0000 - 0x00000000610ea000 	C:\Program Files\Java\jdk1.8.0_191\jre\bin\net.dll
0x00007ff881f30000 - 0x00007ff881f96000 	C:\WINDOWS\system32\mswsock.dll
0x00007ff869e20000 - 0x00007ff869e36000 	C:\WINDOWS\system32\napinsp.dll
0x00007ff869e00000 - 0x00007ff869e1a000 	C:\WINDOWS\system32\pnrpnsp.dll
0x00007ff87c3a0000 - 0x00007ff87c3b9000 	C:\WINDOWS\system32\NLAapi.dll
0x00007ff881cf0000 - 0x00007ff881dae000 	C:\WINDOWS\SYSTEM32\DNSAPI.dll
0x00007ff884fd0000 - 0x00007ff884fd8000 	C:\WINDOWS\System32\NSI.dll
0x00007ff881cb0000 - 0x00007ff881ce8000 	C:\WINDOWS\SYSTEM32\IPHLPAPI.DLL
0x00007ff869df0000 - 0x00007ff869dfe000 	C:\WINDOWS\System32\winrnr.dll
0x00007ff87b830000 - 0x00007ff87b845000 	C:\WINDOWS\System32\wshbth.dll
0x0000000063470000 - 0x0000000063496000 	C:\Program Files\Bonjour\mdnsNSP.dll
0x00007ff875b30000 - 0x00007ff875b3a000 	C:\Windows\System32\rasadhlp.dll
0x00007ff87dd30000 - 0x00007ff87dda2000 	C:\WINDOWS\System32\fwpuclnt.dll
0x00007ff882210000 - 0x00007ff882235000 	C:\WINDOWS\SYSTEM32\bcrypt.dll
0x00000000610b0000 - 0x00000000610c1000 	C:\Program Files\Java\jdk1.8.0_191\jre\bin\nio.dll
0x00007ff8820f0000 - 0x00007ff882107000 	C:\WINDOWS\SYSTEM32\CRYPTSP.dll
0x00007ff881b10000 - 0x00007ff881b43000 	C:\WINDOWS\system32\rsaenh.dll
0x00007ff8825e0000 - 0x00007ff882608000 	C:\WINDOWS\SYSTEM32\USERENV.dll
0x00007ff8820e0000 - 0x00007ff8820eb000 	C:\WINDOWS\SYSTEM32\CRYPTBASE.dll
0x00007ff87d340000 - 0x00007ff87d356000 	C:\WINDOWS\SYSTEM32\dhcpcsvc6.DLL
0x00007ff87d140000 - 0x00007ff87d15a000 	C:\WINDOWS\SYSTEM32\dhcpcsvc.DLL

VM Arguments:
jvm_args: -Dfile.encoding=UTF-8 
java_command: br.com.lab.kafkaapp.kafka.KafkaAppApplication
java_class_path (initial): D:\Users\re90651z\Documents\Java_Workspace\kafka-app\target\classes;C:\Users\re90651z\.m2\repository\org\springframework\boot\spring-boot-starter-web\2.1.5.RELEASE\spring-boot-starter-web-2.1.5.RELEASE.jar;C:\Users\re90651z\.m2\repository\org\springframework\boot\spring-boot-starter\2.1.5.RELEASE\spring-boot-starter-2.1.5.RELEASE.jar;C:\Users\re90651z\.m2\repository\org\springframework\boot\spring-boot\2.1.5.RELEASE\spring-boot-2.1.5.RELEASE.jar;C:\Users\re90651z\.m2\repository\org\springframework\boot\spring-boot-autoconfigure\2.1.5.RELEASE\spring-boot-autoconfigure-2.1.5.RELEASE.jar;C:\Users\re90651z\.m2\repository\org\springframework\boot\spring-boot-starter-logging\2.1.5.RELEASE\spring-boot-starter-logging-2.1.5.RELEASE.jar;C:\Users\re90651z\.m2\repository\ch\qos\logback\logback-classic\1.2.3\logback-classic-1.2.3.jar;C:\Users\re90651z\.m2\repository\ch\qos\logback\logback-core\1.2.3\logback-core-1.2.3.jar;C:\Users\re90651z\.m2\repository\org\apache\logging\log4j\log4j-to-slf4j\2.11.2\log4j-to-slf4j-2.11.2.jar;C:\Users\re90651z\.m2\repository\org\apache\logging\log4j\log4j-api\2.11.2\log4j-api-2.11.2.jar;C:\Users\re90651z\.m2\repository\org\slf4j\jul-to-slf4j\1.7.26\jul-to-slf4j-1.7.26.jar;C:\Users\re90651z\.m2\repository\javax\annotation\javax.annotation-api\1.3.2\javax.annotation-api-1.3.2.jar;C:\Users\re90651z\.m2\repository\org\yaml\snakeyaml\1.23\snakeyaml-1.23.jar;C:\Users\re90651z\.m2\repository\org\springframework\boot\spring-boot-starter-json\2.1.5.RELEASE\spring-boot-starter-json-2.1.5.RELEASE.jar;C:\Users\re90651z\.m2\repository\com\fasterxml\jackson\core\jackson-databind\2.9.8\jackson-databind-2.9.8.jar;C:\Users\re90651z\.m2\repository\com\fasterxml\jackson\core\jackson-annotations\2.9.0\jackson-annotations-2.9.0.jar;C:\Users\re90651z\.m2\repository\com\fasterxml\jackson\core\jackson-core\2.9.8\jackson-core-2.9.8.jar;C:\Users\re90651z\.m2\repository\com\fasterxml\jackson\datatype\jackson-datatype-jdk8\2.9.8\jackson-dataty
Launcher Type: SUN_STANDARD

Environment Variables:
JAVA_HOME=C:\Program Files\Java\jdk1.8.0_191
CLASSPATH=C:\Program Files\Java\jdk1.8.0_191\lib\tools.jar
PATH=C:/Program Files/Java/jre1.8.0_191/bin/server;C:/Program Files/Java/jre1.8.0_191/bin;C:/Program Files/Java/jre1.8.0_191/lib/amd64;C:\ProgramData\DockerDesktop\version-bin;C:\Program Files\Docker\Docker\Resources\bin;C:\Program Files (x86)\Common Files\Oracle\Java\javapath;C:\WINDOWS\system32;C:\WINDOWS;C:\WINDOWS\System32\Wbem;C:\WINDOWS\System32\WindowsPowerShell\v1.0\;C:\WINDOWS\System32\OpenSSH\;C:\Program Files\Microsoft SQL Server\130\Tools\Binn\;C:\Program Files (x86)\Microsoft Visual Studio\Shared\Anaconda3_64\Scripts;C:\Program Files (x86)\Microsoft Visual Studio\Shared\Anaconda3_64;C:\Users\re90651z\apache-maven-3.6.0\\bin;C:\Program Files\Java\jdk1.8.0_191\bin;C:\Program Files\MIT\Kerberos\bin;C:\Program Files\nodejs\;C:\Program Files (x86)\Sennheiser\SoftphoneSDK\;C:\Users\re90651z\AppData\Local\Microsoft\WindowsApps;C:\Users\re90651z\AppData\Local\Programs\Git\cmd;C:\Users\re90651z\AppData\Local\Programs\Microsoft VS Code\bin;C:\Program Files (x86)\Microsoft Visual Studio\Shared\Anaconda3_64\Scripts;C:\Program Files (x86)\Microsoft Visual Studio\Shared\Anaconda3_64;D:\Users\re90651z\AppData\Roaming\npm;C:\Users\re90651z\.dotnet\tools;C:\WINDOWS\system32;
USERNAME=re90651z
OS=Windows_NT
PROCESSOR_IDENTIFIER=Intel64 Family 6 Model 142 Stepping 9, GenuineIntel



---------------  S Y S T E M  ---------------

OS: Windows 10.0 , 64 bit Build 17134 (10.0.17134.753)

CPU:total 4 (initial active 4) (2 cores per cpu, 2 threads per core) family 6 model 142 stepping 9, cmov, cx8, fxsr, mmx, sse, sse2, sse3, ssse3, sse4.1, sse4.2, popcnt, avx, avx2, aes, clmul, erms, 3dnowpref, lzcnt, ht, tsc, tscinvbit, bmi1, bmi2, adx

Memory: 4k page, physical 16651308k(3603736k free), swap 27072688k(5536k free)

vm_info: Java HotSpot(TM) 64-Bit Server VM (25.191-b12) for windows-amd64 JRE (1.8.0_191-b12), built on Oct  6 2018 09:29:03 by "java_re" with MS VC++ 10.0 (VS2010)

time: Mon Jun 10 08:56:31 2019
elapsed time: 11 seconds (0d 0h 0m 11s)

